/*C35*/SET SCHEMA PUBLIC
create table if not exists sobrou_mes_passado (id integer identity primary key, data varchar(20), sobrou_mes_passado varchar(30))
create table if not exists data_controle (id integer identity primary key, data_controle varchar(20))
create table if not exists cliente (id integer identity primary key, nome varchar(200))
create table if not exists ganho (id integer identity primary key, data varchar(20), dia_semana varchar(20), cliente varchar(200), status varchar(10), sessao varchar(2), quantidade varchar(2), valor varchar(30))
create table if not exists fixa (id integer identity primary key, descricao varchar(200), vencimento varchar(20), valor varchar(30))
create table if not exists parcelamento (id integer identity primary key, descricao varchar(200), vencimento varchar(20), valor_parcela varchar(30), valor_total varchar(30), numero_parcela varchar(5), total_parcela varchar(5), status varchar(10),data_alteracao varchar(20))
create table if not exists entrada (id integer identity primary key, data_hora varchar(20), descricao varchar(200), valor varchar(30), ultima_edicao varchar(20))
create table if not exists saida (id integer identity primary key, data_hora varchar(20), descricao varchar(200), valor varchar(30), ultima_edicao varchar(20))
DISCONNECT
/*C36*/SET SCHEMA PUBLIC
DISCONNECT
/*C37*/SET SCHEMA PUBLIC
DISCONNECT
/*C38*/SET SCHEMA PUBLIC
DISCONNECT
/*C39*/SET SCHEMA PUBLIC
DISCONNECT
/*C40*/SET SCHEMA PUBLIC
DISCONNECT
/*C41*/SET SCHEMA PUBLIC
DISCONNECT
/*C42*/SET SCHEMA PUBLIC
DISCONNECT
/*C43*/SET SCHEMA PUBLIC
DISCONNECT
/*C44*/SET SCHEMA PUBLIC
DISCONNECT
/*C45*/SET SCHEMA PUBLIC
DISCONNECT
/*C46*/SET SCHEMA PUBLIC
DISCONNECT
/*C47*/SET SCHEMA PUBLIC
DISCONNECT
/*C48*/SET SCHEMA PUBLIC
DISCONNECT
/*C49*/SET SCHEMA PUBLIC
DISCONNECT
/*C50*/SET SCHEMA PUBLIC
DISCONNECT
/*C51*/SET SCHEMA PUBLIC
INSERT INTO ENTRADA VALUES(9,'16/12/2017 01:01','Cliente 4 pagou no dia 16/12/2017 01:01','R$ 180,00','-')
COMMIT
DISCONNECT
/*C52*/SET SCHEMA PUBLIC
DELETE FROM GANHO WHERE ID=16
INSERT INTO GANHO VALUES(16,'16/12/2017','Sexta-feira','Cliente 4','pagou','1','1','R$ 180,00')
COMMIT
DISCONNECT
/*C53*/SET SCHEMA PUBLIC
DISCONNECT
/*C54*/SET SCHEMA PUBLIC
DISCONNECT
/*C55*/SET SCHEMA PUBLIC
DISCONNECT
/*C56*/SET SCHEMA PUBLIC
DISCONNECT
/*C57*/SET SCHEMA PUBLIC
DISCONNECT
/*C58*/SET SCHEMA PUBLIC
DISCONNECT
/*C59*/SET SCHEMA PUBLIC
DISCONNECT
/*C60*/SET SCHEMA PUBLIC
DISCONNECT
/*C61*/SET SCHEMA PUBLIC
DISCONNECT
/*C62*/SET SCHEMA PUBLIC
DISCONNECT
/*C63*/SET SCHEMA PUBLIC
DISCONNECT
/*C64*/SET SCHEMA PUBLIC
DISCONNECT
/*C65*/SET SCHEMA PUBLIC
DISCONNECT
